# JRE version: Java(TM) SE Runtime Environment (8.0_45-b15) (build 1.8.0_45-b15)
# Java VM: Java HotSpot(TM) 64-Bit Server VM (25.45-b02 mixed mode windows-amd64 compressed oops)
Heap:
 PSYoungGen      total 267776K, used 114906K [0x00000000eab00000, 0x00000000fff80000, 0x0000000100000000)
  eden space 192000K, 59% used [0x00000000eab00000,0x00000000f1b36928,0x00000000f6680000)
  from space 75776K, 0% used [0x00000000f6680000,0x00000000f6680000,0x00000000fb080000)
  to   space 73216K, 0% used [0x00000000fb800000,0x00000000fb800000,0x00000000fff80000)
 ParOldGen       total 364544K, used 210430K [0x00000000c0000000, 0x00000000d6400000, 0x00000000eab00000)
  object space 364544K, 57% used [0x00000000c0000000,0x00000000ccd7f8c0,0x00000000d6400000)
 Metaspace       used 207892K, capacity 216906K, committed 217384K, reserved 1234944K
  class space    used 28846K, capacity 32376K, committed 32552K, reserved 1048576K
GC Heap History (10 events):
Event: 3657.286 GC heap before
{Heap before GC invocations=54 (full 11):
 PSYoungGen      total 271872K, used 215846K [0x00000000eab00000, 0x0000000100000000, 0x0000000100000000)
  eden space 193024K, 100% used [0x00000000eab00000,0x00000000f6780000,0x00000000f6780000)
  from space 78848K, 28% used [0x00000000fb300000,0x00000000fc9498d0,0x0000000100000000)
  to   space 77312K, 0% used [0x00000000f6780000,0x00000000f6780000,0x00000000fb300000)
 ParOldGen       total 210432K, used 188983K [0x00000000c0000000, 0x00000000ccd80000, 0x00000000eab00000)
  object space 210432K, 89% used [0x00000000c0000000,0x00000000cb88dd68,0x00000000ccd80000)
 Metaspace       used 193339K, capacity 201946K, committed 202792K, reserved 1222656K
  class space    used 26744K, capacity 30171K, committed 30504K, reserved 1048576K
Event: 3657.327 GC heap after
Heap after GC invocations=54 (full 11):
 PSYoungGen      total 221696K, used 28199K [0x00000000eab00000, 0x00000000ff980000, 0x0000000100000000)
  eden space 193024K, 0% used [0x00000000eab00000,0x00000000eab00000,0x00000000f6780000)
  from space 28672K, 98% used [0x00000000f6780000,0x00000000f8309d70,0x00000000f8380000)
  to   space 74752K, 0% used [0x00000000fb080000,0x00000000fb080000,0x00000000ff980000)
 ParOldGen       total 210432K, used 188991K [0x00000000c0000000, 0x00000000ccd80000, 0x00000000eab00000)
  object space 210432K, 89% used [0x00000000c0000000,0x00000000cb88fd68,0x00000000ccd80000)
 Metaspace       used 193339K, capacity 201946K, committed 202792K, reserved 1222656K
  class space    used 26744K, capacity 30171K, committed 30504K, reserved 1048576K
}
Event: 3666.857 GC heap before
{Heap before GC invocations=55 (full 11):
 PSYoungGen      total 221696K, used 221223K [0x00000000eab00000, 0x00000000ff980000, 0x0000000100000000)
  eden space 193024K, 100% used [0x00000000eab00000,0x00000000f6780000,0x00000000f6780000)
  from space 28672K, 98% used [0x00000000f6780000,0x00000000f8309d70,0x00000000f8380000)
  to   space 74752K, 0% used [0x00000000fb080000,0x00000000fb080000,0x00000000ff980000)
 ParOldGen       total 210432K, used 188991K [0x00000000c0000000, 0x00000000ccd80000, 0x00000000eab00000)
  object space 210432K, 89% used [0x00000000c0000000,0x00000000cb88fd68,0x00000000ccd80000)
 Metaspace       used 199543K, capacity 208442K, committed 209064K, reserved 1226752K
  class space    used 27706K, capacity 31241K, committed 31400K, reserved 1048576K
Event: 3666.919 GC heap after
Heap after GC invocations=55 (full 11):
 PSYoungGen      total 266752K, used 49429K [0x00000000eab00000, 0x0000000100000000, 0x0000000100000000)
  eden space 192000K, 0% used [0x00000000eab00000,0x00000000eab00000,0x00000000f6680000)
  from space 74752K, 66% used [0x00000000fb080000,0x00000000fe0c55b0,0x00000000ff980000)
  to   space 75776K, 0% used [0x00000000f6680000,0x00000000f6680000,0x00000000fb080000)
 ParOldGen       total 210432K, used 188999K [0x00000000c0000000, 0x00000000ccd80000, 0x00000000eab00000)
  object space 210432K, 89% used [0x00000000c0000000,0x00000000cb891d68,0x00000000ccd80000)
 Metaspace       used 199543K, capacity 208442K, committed 209064K, reserved 1226752K
  class space    used 27706K, capacity 31241K, committed 31400K, reserved 1048576K
}
Event: 3673.368 GC heap before
{Heap before GC invocations=56 (full 11):
 PSYoungGen      total 266752K, used 112202K [0x00000000eab00000, 0x0000000100000000, 0x0000000100000000)
  eden space 192000K, 32% used [0x00000000eab00000,0x00000000ee84d550,0x00000000f6680000)
  from space 74752K, 66% used [0x00000000fb080000,0x00000000fe0c55b0,0x00000000ff980000)
  to   space 75776K, 0% used [0x00000000f6680000,0x00000000f6680000,0x00000000fb080000)
 ParOldGen       total 210432K, used 188999K [0x00000000c0000000, 0x00000000ccd80000, 0x00000000eab00000)
  object space 210432K, 89% used [0x00000000c0000000,0x00000000cb891d68,0x00000000ccd80000)
 Metaspace       used 200465K, capacity 209406K, committed 209960K, reserved 1228800K
  class space    used 27853K, capacity 31413K, committed 31528K, reserved 1048576K
Event: 3673.443 GC heap after
Heap after GC invocations=56 (full 11):
 PSYoungGen      total 267776K, used 41004K [0x00000000eab00000, 0x00000000fff80000, 0x0000000100000000)
  eden space 192000K, 0% used [0x00000000eab00000,0x00000000eab00000,0x00000000f6680000)
  from space 75776K, 54% used [0x00000000f6680000,0x00000000f8e8b1b8,0x00000000fb080000)
  to   space 73216K, 0% used [0x00000000fb800000,0x00000000fb800000,0x00000000fff80000)
 ParOldGen       total 210432K, used 189007K [0x00000000c0000000, 0x00000000ccd80000, 0x00000000eab00000)
  object space 210432K, 89% used [0x00000000c0000000,0x00000000cb893d68,0x00000000ccd80000)
 Metaspace       used 200465K, capacity 209406K, committed 209960K, reserved 1228800K
  class space    used 27853K, capacity 31413K, committed 31528K, reserved 1048576K
}
Event: 3673.444 GC heap before
{Heap before GC invocations=57 (full 12):
 PSYoungGen      total 267776K, used 41004K [0x00000000eab00000, 0x00000000fff80000, 0x0000000100000000)
  eden space 192000K, 0% used [0x00000000eab00000,0x00000000eab00000,0x00000000f6680000)
  from space 75776K, 54% used [0x00000000f6680000,0x00000000f8e8b1b8,0x00000000fb080000)
  to   space 73216K, 0% used [0x00000000fb800000,0x00000000fb800000,0x00000000fff80000)
 ParOldGen       total 210432K, used 189007K [0x00000000c0000000, 0x00000000ccd80000, 0x00000000eab00000)
  object space 210432K, 89% used [0x00000000c0000000,0x00000000cb893d68,0x00000000ccd80000)
 Metaspace       used 200465K, capacity 209406K, committed 209960K, reserved 1228800K
  class space    used 27853K, capacity 31413K, committed 31528K, reserved 1048576K
Event: 3675.314 GC heap after
Heap after GC invocations=57 (full 12):
 PSYoungGen      total 267776K, used 2414K [0x00000000eab00000, 0x00000000fff80000, 0x0000000100000000)
  eden space 192000K, 0% used [0x00000000eab00000,0x00000000eab00000,0x00000000f6680000)
  from space 75776K, 3% used [0x00000000f6680000,0x00000000f68db880,0x00000000fb080000)
  to   space 73216K, 0% used [0x00000000fb800000,0x00000000fb800000,0x00000000fff80000)
 ParOldGen       total 210432K, used 209932K [0x00000000c0000000, 0x00000000ccd80000, 0x00000000eab00000)
  object space 210432K, 99% used [0x00000000c0000000,0x00000000ccd03150,0x00000000ccd80000)
 Metaspace       used 200026K, capacity 208382K, committed 209960K, reserved 1228800K
  class space    used 27690K, capacity 30957K, committed 31528K, reserved 1048576K
}
Event: 3683.492 GC heap before
{Heap before GC invocations=58 (full 13):
 PSYoungGen      total 267776K, used 194414K [0x00000000eab00000, 0x00000000fff80000, 0x0000000100000000)
  eden space 192000K, 100% used [0x00000000eab00000,0x00000000f6680000,0x00000000f6680000)
  from space 75776K, 3% used [0x00000000f6680000,0x00000000f68db880,0x00000000fb080000)
  to   space 73216K, 0% used [0x00000000fb800000,0x00000000fb800000,0x00000000fff80000)
 ParOldGen       total 210432K, used 209932K [0x00000000c0000000, 0x00000000ccd80000, 0x00000000eab00000)
  object space 210432K, 99% used [0x00000000c0000000,0x00000000ccd03150,0x00000000ccd80000)
 Metaspace       used 206762K, capacity 215678K, committed 216488K, reserved 1232896K
  class space    used 28664K, capacity 32154K, committed 32424K, reserved 1048576K
Event: 3685.133 GC heap after
Heap after GC invocations=58 (full 13):
 PSYoungGen      total 267776K, used 22209K [0x00000000eab00000, 0x00000000fff80000, 0x0000000100000000)
  eden space 192000K, 11% used [0x00000000eab00000,0x00000000ec0b07e0,0x00000000f6680000)
  from space 75776K, 0% used [0x00000000f6680000,0x00000000f6680000,0x00000000fb080000)
  to   space 73216K, 0% used [0x00000000fb800000,0x00000000fb800000,0x00000000fff80000)
 ParOldGen       total 364544K, used 210430K [0x00000000c0000000, 0x00000000d6400000, 0x00000000eab00000)
  object space 364544K, 57% used [0x00000000c0000000,0x00000000ccd7f8c0,0x00000000d6400000)
 Metaspace       used 206762K, capacity 215678K, committed 216488K, reserved 1232896K
  class space    used 28664K, capacity 32154K, committed 32424K, reserved 1048576K
}

